<?xml version="1.0" encoding="UTF-8"?>
<robot generator="Robot 3.1.1 (Python 3.7.2 on win32)" generated="20190207 18:07:25.830" rpa="false">
<suite id="s1" name="Test" source="D:\Workspace\AutomationProject\tests\TestSuite-1\test.robot">
<test id="s1-t1" name="TC-01: Test case">
<kw name="Log" library="BuiltIn">
<doc>Logs the given message with the given level.</doc>
<arguments>
<arg>Hello world</arg>
</arguments>
<msg timestamp="20190207 18:07:25.894" level="INFO">Hello world</msg>
<status status="PASS" starttime="20190207 18:07:25.893" endtime="20190207 18:07:25.894"></status>
</kw>
<status status="PASS" starttime="20190207 18:07:25.893" endtime="20190207 18:07:25.894" critical="yes"></status>
</test>
<test id="s1-t2" name="TC-02: test case 2">
<kw name="Print Data" library="tests.pages.samplePage.MyClass">
<msg timestamp="20190207 18:07:25.896" level="INFO">Got 1 2
Got 3 4
Got 5 6</msg>
<status status="PASS" starttime="20190207 18:07:25.895" endtime="20190207 18:07:25.896"></status>
</kw>
<status status="PASS" starttime="20190207 18:07:25.895" endtime="20190207 18:07:25.896" critical="yes"></status>
</test>
<test id="s1-t3" name="TC-03: test case 3">
<kw name="Print Datas" library="tests.pages.samplePage.MyClass">
<msg timestamp="20190207 18:07:25.897" level="INFO">Got ()
Got ('lastName', 'email', 'password', 'mobileNumber', 'country', 'address1', 'address2', 'status', 'emailNewsLetterSubscriber ')
Got ('lastName', 'email', 'password', 'mobileNumber', 'country', 'address1', 'address2', 'status', 'emailNewsLetterSubscriber ')</msg>
<status status="PASS" starttime="20190207 18:07:25.897" endtime="20190207 18:07:25.897"></status>
</kw>
<status status="PASS" starttime="20190207 18:07:25.897" endtime="20190207 18:07:25.898" critical="yes"></status>
</test>
<status status="PASS" starttime="20190207 18:07:25.830" endtime="20190207 18:07:25.898"></status>
</suite>
<statistics>
<total>
<stat pass="3" fail="0">Critical Tests</stat>
<stat pass="3" fail="0">All Tests</stat>
</total>
<tag>
</tag>
<suite>
<stat pass="3" fail="0" id="s1" name="Test">Test</stat>
</suite>
</statistics>
<errors>
</errors>
</robot>
