{"name": "test_search_2", "status": "failed", "statusDetails": {"message": "AssertionError: assert False", "trace": "self = <tests.test_suites.test_check.TestCheck testMethod=test_search_2>\n\n    def test_search_2(self):\n        page = CreatePage.get(SearchPage, self.driver)\n        page.search(\"test\")\n>       assert False\nE       AssertionError: assert False\n\ntests\\test_suites\\test_check.py:16: AssertionError"}, "attachments": [{"name": "log", "source": "4f909572-ac2b-4b25-b253-5bd9b127f2c6-attachment.txt", "type": "text/plain"}, {"name": "stdout", "source": "da2b49a9-7266-4c0c-a6a7-3326d862cbc2-attachment.txt", "type": "text/plain"}, {"name": "stderr", "source": "ce8ee894-7ab2-4fc4-b2a0-0323ac6e28ed-attachment.txt", "type": "text/plain"}], "start": 1553680404200, "stop": 1553680408755, "uuid": "795470bd-61f6-46b4-a37e-9221e92f1fa2", "historyId": "a127af3f2b4ce538691001cf95ee6910", "fullName": "tests.test_suites.test_check.TestCheck#test_search_2", "labels": [{"name": "parentSuite", "value": "tests.test_suites"}, {"name": "suite", "value": "test_check"}, {"name": "subSuite", "value": "TestCheck"}, {"name": "host", "value": "XIPL0515"}, {"name": "thread", "value": "3204-MainThread"}, {"name": "framework", "value": "pytest"}, {"name": "language", "value": "cpython3"}, {"name": "package", "value": "tests.test_suites.test_check"}]}