{"created": 1552387146.288566, "duration": 15.157890319824219, "exitcode": 1, "root": "D:\\Workspace\\AutomationProject", "environment": {"Python": "3.7.2", "Platform": "Windows-10-10.0.17134-SP0", "Packages": {"pytest": "4.2.0", "py": "1.7.0", "pluggy": "0.8.1"}, "Plugins": {"cov": "2.6.1", "xdist": "1.26.1", "parallel": "0.0.9", "metadata": "1.8.0", "json": "0.4.0", "json-report": "1.0.3", "html": "1.20.0", "forked": "1.0.2", "allure-pytest": "2.5.5"}, "JAVA_HOME": "C:\\Program Files\\Java\\jdk1.8.0_131"}, "summary": {"failed": 1, "total": 1}, "collectors": [{"nodeid": "", "outcome": "passed", "result": [{"nodeid": "config/__init__.py", "type": "Package"}, {"nodeid": "core/__init__.py", "type": "Package"}, {"nodeid": "core/api/__init__.py", "type": "Package"}, {"nodeid": "core/browsers/__init__.py", "type": "Package"}, {"nodeid": "core/configuration/__init__.py", "type": "Package"}, {"nodeid": "core/data_providers/__init__.py", "type": "Package"}, {"nodeid": "core/decorators/__init__.py", "type": "Package"}, {"nodeid": "core/file_manager/__init__.py", "type": "Package"}, {"nodeid": "core/page/__init__.py", "type": "Package"}, {"nodeid": "core/reporter/__init__.py", "type": "Package"}, {"nodeid": "core/web/__init__.py", "type": "Package"}, {"nodeid": "tests/__init__.py", "type": "Package"}, {"nodeid": "tests/pages/__init__.py", "type": "Package"}, {"nodeid": "tests/test_suites/__init__.py", "type": "Package"}]}, {"nodeid": "config/__init__.py", "outcome": "passed", "result": []}, {"nodeid": "core/__init__.py", "outcome": "passed", "result": []}, {"nodeid": "core/api/__init__.py", "outcome": "passed", "result": []}, {"nodeid": "core/browsers/__init__.py", "outcome": "passed", "result": []}, {"nodeid": "core/configuration/__init__.py", "outcome": "passed", "result": []}, {"nodeid": "core/data_providers/__init__.py", "outcome": "passed", "result": []}, {"nodeid": "core/decorators/__init__.py", "outcome": "passed", "result": []}, {"nodeid": "core/file_manager/__init__.py", "outcome": "passed", "result": []}, {"nodeid": "core/page/__init__.py", "outcome": "passed", "result": []}, {"nodeid": "core/reporter/__init__.py", "outcome": "passed", "result": []}, {"nodeid": "core/web/__init__.py", "outcome": "passed", "result": []}, {"nodeid": "tests/__init__.py", "outcome": "passed", "result": []}, {"nodeid": "tests/pages/__init__.py", "outcome": "passed", "result": []}, {"nodeid": "tests/test_suites/test_check.py::Base", "outcome": "passed", "result": []}, {"nodeid": "tests/test_suites/test_check.py::TestCheck", "outcome": "passed", "result": [{"nodeid": "tests/test_suites/test_check.py::TestCheck::test_search_2", "type": "TestCaseFunction", "lineno": 10}]}, {"nodeid": "tests/test_suites/test_check.py", "outcome": "passed", "result": [{"nodeid": "tests/test_suites/test_check.py::Base", "type": "UnitTestCase"}, {"nodeid": "tests/test_suites/test_check.py::TestCheck", "type": "UnitTestCase"}]}, {"nodeid": "tests/test_suites/test_search.py::Base", "outcome": "passed", "result": []}, {"nodeid": "tests/test_suites/test_search.py", "outcome": "passed", "result": [{"nodeid": "tests/test_suites/test_search.py::Base", "type": "UnitTestCase"}]}, {"nodeid": "tests/test_suites/__init__.py", "outcome": "passed", "result": [{"nodeid": "tests/test_suites/test_check.py", "type": "Module"}, {"nodeid": "tests/test_suites/test_search.py", "type": "Module"}]}], "tests": [{"nodeid": "tests/test_suites/test_check.py::TestCheck::test_search_2", "lineno": 10, "outcome": "failed", "keywords": ["test_search_2", "usefixtures", "tests/test_suites/__init__.py", "TestCheck", "AutomationProject", "test_check.py"], "setup": {"duration": 2.2357029914855957, "outcome": "passed", "stdout": "NODE.NODEID tests/test_suites/test_check.py::TestCheck::TestCheck\n"}, "call": {"duration": 7.688369035720825, "outcome": "failed", "crash": {"path": "D:\\Workspace\\AutomationProject\\tests\\test_suites\\test_check.py", "lineno": 14, "message": "AssertionError: false\nassert False"}, "traceback": [{"path": "tests\\test_suites\\test_check.py", "lineno": 14, "message": "AssertionError"}], "longrepr": "self = <tests.test_suites.test_check.TestCheck testMethod=test_search_2>\n\n    def test_search_2(self):\n        page = CreatePage.get(SearchPage, self.driver)\n        page.search(\"test\")\n>       assert False, \"false\"\nE       AssertionError: false\nE       assert False\n\ntests\\test_suites\\test_check.py:14: AssertionError"}, "teardown": {"duration": 2.3464338779449463, "outcome": "passed"}}], "warnings": [{"message": "use setter for headless property instead of set_headless", "when": "runtest", "filename": "D:\\Workspace\\AutomationProject\\core\\browsers\\web_drivers.py", "lineno": 17}, {"message": "use setter for headless property instead of set_headless", "when": "runtest", "filename": "D:\\Workspace\\AutomationProject\\core\\browsers\\web_drivers.py", "lineno": 17}]}